[11-Dec-2023 16:35:34 UTC] PHP Fatal error:  Allowed memory size of 268435456 bytes exhausted (tried to allocate 4096 bytes) in C:\Users\Dave\Local Sites\socialbrothers-case\app\public\wp-includes\media.php on line 3955
[11-Dec-2023 16:53:14 UTC] PHP Fatal error:  Cannot redeclare event_post_type() (previously declared in C:\Users\Dave\Local Sites\socialbrothers-case\app\public\wp-content\themes\socialbrothers\functions.php:18) in C:\Users\Dave\Local Sites\socialbrothers-case\app\public\wp-content\themes\socialbrothers\functions.php on line 107
[11-Dec-2023 16:53:14 UTC] PHP Warning:  Trying to access array offset on value of type bool in C:\Users\Dave\Local Sites\socialbrothers-case\app\public\wp-includes\class-wp-recovery-mode-email-service.php on line 367
[11-Dec-2023 16:53:14 UTC] PHP Warning:  Trying to access array offset on value of type bool in C:\Users\Dave\Local Sites\socialbrothers-case\app\public\wp-includes\class-wp-recovery-mode-email-service.php on line 368
[11-Dec-2023 17:37:47 UTC] PHP Warning:  Attempt to read property "title" on null in C:\Users\Dave\Local Sites\socialbrothers-case\app\public\wp-includes\class-wp-customize-widgets.php on line 905
[11-Dec-2023 18:14:48 UTC] PHP Warning:  Attempt to read property "title" on null in C:\Users\Dave\Local Sites\socialbrothers-case\app\public\wp-includes\class-wp-customize-widgets.php on line 905
[11-Dec-2023 18:14:54 UTC] PHP Warning:  Attempt to read property "title" on null in C:\Users\Dave\Local Sites\socialbrothers-case\app\public\wp-includes\class-wp-customize-widgets.php on line 905
[11-Dec-2023 18:22:53 UTC] PHP Warning:  Attempt to read property "title" on null in C:\Users\Dave\Local Sites\socialbrothers-case\app\public\wp-includes\class-wp-customize-widgets.php on line 905
[11-Dec-2023 21:24:41 UTC] PHP Warning:  Attempt to read property "title" on null in C:\Users\Dave\Local Sites\socialbrothers-case\app\public\wp-includes\class-wp-customize-widgets.php on line 905
[11-Dec-2023 22:47:51 UTC] PHP Warning:  Undefined variable $blogtPost in C:\Users\Dave\Local Sites\socialbrothers-case\app\public\wp-content\themes\socialbrothers\post-entry.php on line 22
[11-Dec-2023 22:47:51 UTC] PHP Fatal error:  Uncaught Error: Call to a member function have_posts() on null in C:\Users\Dave\Local Sites\socialbrothers-case\app\public\wp-content\themes\socialbrothers\post-entry.php:22
Stack trace:
#0 C:\Users\Dave\Local Sites\socialbrothers-case\app\public\wp-includes\template.php(792): require()
#1 C:\Users\Dave\Local Sites\socialbrothers-case\app\public\wp-includes\template.php(725): load_template('C:\\Users\\Dave\\L...', false, Array)
#2 C:\Users\Dave\Local Sites\socialbrothers-case\app\public\wp-includes\general-template.php(206): locate_template(Array, true, false, Array)
#3 C:\Users\Dave\Local Sites\socialbrothers-case\app\public\wp-content\themes\socialbrothers\index.php(6): get_template_part('post-entry')
#4 C:\Users\Dave\Local Sites\socialbrothers-case\app\public\wp-includes\template-loader.php(106): include('C:\\Users\\Dave\\L...')
#5 C:\Users\Dave\Local Sites\socialbrothers-case\app\public\wp-blog-header.php(19): require_once('C:\\Users\\Dave\\L...')
#6 C:\Users\Dave\Local Sites\socialbrothers-case\app\public\index.php(17): require('C:\\Users\\Dave\\L...')
#7 {main}
  thrown in C:\Users\Dave\Local Sites\socialbrothers-case\app\public\wp-content\themes\socialbrothers\post-entry.php on line 22
[11-Dec-2023 22:47:51 UTC] PHP Warning:  Undefined variable $blogtPost in C:\Users\Dave\Local Sites\socialbrothers-case\app\public\wp-content\themes\socialbrothers\post-entry.php on line 22
[11-Dec-2023 22:47:51 UTC] PHP Fatal error:  Uncaught Error: Call to a member function have_posts() on null in C:\Users\Dave\Local Sites\socialbrothers-case\app\public\wp-content\themes\socialbrothers\post-entry.php:22
Stack trace:
#0 C:\Users\Dave\Local Sites\socialbrothers-case\app\public\wp-includes\template.php(792): require()
#1 C:\Users\Dave\Local Sites\socialbrothers-case\app\public\wp-includes\template.php(725): load_template('C:\\Users\\Dave\\L...', false, Array)
#2 C:\Users\Dave\Local Sites\socialbrothers-case\app\public\wp-includes\general-template.php(206): locate_template(Array, true, false, Array)
#3 C:\Users\Dave\Local Sites\socialbrothers-case\app\public\wp-content\themes\socialbrothers\index.php(6): get_template_part('post-entry')
#4 C:\Users\Dave\Local Sites\socialbrothers-case\app\public\wp-includes\template-loader.php(106): include('C:\\Users\\Dave\\L...')
#5 C:\Users\Dave\Local Sites\socialbrothers-case\app\public\wp-blog-header.php(19): require_once('C:\\Users\\Dave\\L...')
#6 C:\Users\Dave\Local Sites\socialbrothers-case\app\public\index.php(17): require('C:\\Users\\Dave\\L...')
#7 {main}
  thrown in C:\Users\Dave\Local Sites\socialbrothers-case\app\public\wp-content\themes\socialbrothers\post-entry.php on line 22
[11-Dec-2023 22:48:08 UTC] PHP Warning:  Undefined variable $blogtPost in C:\Users\Dave\Local Sites\socialbrothers-case\app\public\wp-content\themes\socialbrothers\post-entry.php on line 22
[11-Dec-2023 22:48:08 UTC] PHP Fatal error:  Uncaught Error: Call to a member function have_posts() on null in C:\Users\Dave\Local Sites\socialbrothers-case\app\public\wp-content\themes\socialbrothers\post-entry.php:22
Stack trace:
#0 C:\Users\Dave\Local Sites\socialbrothers-case\app\public\wp-includes\template.php(792): require()
#1 C:\Users\Dave\Local Sites\socialbrothers-case\app\public\wp-includes\template.php(725): load_template('C:\\Users\\Dave\\L...', false, Array)
#2 C:\Users\Dave\Local Sites\socialbrothers-case\app\public\wp-includes\general-template.php(206): locate_template(Array, true, false, Array)
#3 C:\Users\Dave\Local Sites\socialbrothers-case\app\public\wp-content\themes\socialbrothers\index.php(6): get_template_part('post-entry')
#4 C:\Users\Dave\Local Sites\socialbrothers-case\app\public\wp-includes\template-loader.php(106): include('C:\\Users\\Dave\\L...')
#5 C:\Users\Dave\Local Sites\socialbrothers-case\app\public\wp-blog-header.php(19): require_once('C:\\Users\\Dave\\L...')
#6 C:\Users\Dave\Local Sites\socialbrothers-case\app\public\index.php(17): require('C:\\Users\\Dave\\L...')
#7 {main}
  thrown in C:\Users\Dave\Local Sites\socialbrothers-case\app\public\wp-content\themes\socialbrothers\post-entry.php on line 22
[11-Dec-2023 22:48:08 UTC] PHP Warning:  Undefined variable $blogtPost in C:\Users\Dave\Local Sites\socialbrothers-case\app\public\wp-content\themes\socialbrothers\post-entry.php on line 22
[11-Dec-2023 22:48:08 UTC] PHP Fatal error:  Uncaught Error: Call to a member function have_posts() on null in C:\Users\Dave\Local Sites\socialbrothers-case\app\public\wp-content\themes\socialbrothers\post-entry.php:22
Stack trace:
#0 C:\Users\Dave\Local Sites\socialbrothers-case\app\public\wp-includes\template.php(792): require()
#1 C:\Users\Dave\Local Sites\socialbrothers-case\app\public\wp-includes\template.php(725): load_template('C:\\Users\\Dave\\L...', false, Array)
#2 C:\Users\Dave\Local Sites\socialbrothers-case\app\public\wp-includes\general-template.php(206): locate_template(Array, true, false, Array)
#3 C:\Users\Dave\Local Sites\socialbrothers-case\app\public\wp-content\themes\socialbrothers\index.php(6): get_template_part('post-entry')
#4 C:\Users\Dave\Local Sites\socialbrothers-case\app\public\wp-includes\template-loader.php(106): include('C:\\Users\\Dave\\L...')
#5 C:\Users\Dave\Local Sites\socialbrothers-case\app\public\wp-blog-header.php(19): require_once('C:\\Users\\Dave\\L...')
#6 C:\Users\Dave\Local Sites\socialbrothers-case\app\public\index.php(17): require('C:\\Users\\Dave\\L...')
#7 {main}
  thrown in C:\Users\Dave\Local Sites\socialbrothers-case\app\public\wp-content\themes\socialbrothers\post-entry.php on line 22
[11-Dec-2023 22:48:11 UTC] PHP Warning:  Undefined variable $blogtPost in C:\Users\Dave\Local Sites\socialbrothers-case\app\public\wp-content\themes\socialbrothers\post-entry.php on line 22
[11-Dec-2023 22:48:11 UTC] PHP Fatal error:  Uncaught Error: Call to a member function have_posts() on null in C:\Users\Dave\Local Sites\socialbrothers-case\app\public\wp-content\themes\socialbrothers\post-entry.php:22
Stack trace:
#0 C:\Users\Dave\Local Sites\socialbrothers-case\app\public\wp-includes\template.php(792): require()
#1 C:\Users\Dave\Local Sites\socialbrothers-case\app\public\wp-includes\template.php(725): load_template('C:\\Users\\Dave\\L...', false, Array)
#2 C:\Users\Dave\Local Sites\socialbrothers-case\app\public\wp-includes\general-template.php(206): locate_template(Array, true, false, Array)
#3 C:\Users\Dave\Local Sites\socialbrothers-case\app\public\wp-content\themes\socialbrothers\index.php(6): get_template_part('post-entry')
#4 C:\Users\Dave\Local Sites\socialbrothers-case\app\public\wp-includes\template-loader.php(106): include('C:\\Users\\Dave\\L...')
#5 C:\Users\Dave\Local Sites\socialbrothers-case\app\public\wp-blog-header.php(19): require_once('C:\\Users\\Dave\\L...')
#6 C:\Users\Dave\Local Sites\socialbrothers-case\app\public\index.php(17): require('C:\\Users\\Dave\\L...')
#7 {main}
  thrown in C:\Users\Dave\Local Sites\socialbrothers-case\app\public\wp-content\themes\socialbrothers\post-entry.php on line 22
[11-Dec-2023 22:48:11 UTC] PHP Warning:  Undefined variable $blogtPost in C:\Users\Dave\Local Sites\socialbrothers-case\app\public\wp-content\themes\socialbrothers\post-entry.php on line 22
[11-Dec-2023 22:48:11 UTC] PHP Fatal error:  Uncaught Error: Call to a member function have_posts() on null in C:\Users\Dave\Local Sites\socialbrothers-case\app\public\wp-content\themes\socialbrothers\post-entry.php:22
Stack trace:
#0 C:\Users\Dave\Local Sites\socialbrothers-case\app\public\wp-includes\template.php(792): require()
#1 C:\Users\Dave\Local Sites\socialbrothers-case\app\public\wp-includes\template.php(725): load_template('C:\\Users\\Dave\\L...', false, Array)
#2 C:\Users\Dave\Local Sites\socialbrothers-case\app\public\wp-includes\general-template.php(206): locate_template(Array, true, false, Array)
#3 C:\Users\Dave\Local Sites\socialbrothers-case\app\public\wp-content\themes\socialbrothers\index.php(6): get_template_part('post-entry')
#4 C:\Users\Dave\Local Sites\socialbrothers-case\app\public\wp-includes\template-loader.php(106): include('C:\\Users\\Dave\\L...')
#5 C:\Users\Dave\Local Sites\socialbrothers-case\app\public\wp-blog-header.php(19): require_once('C:\\Users\\Dave\\L...')
#6 C:\Users\Dave\Local Sites\socialbrothers-case\app\public\index.php(17): require('C:\\Users\\Dave\\L...')
#7 {main}
  thrown in C:\Users\Dave\Local Sites\socialbrothers-case\app\public\wp-content\themes\socialbrothers\post-entry.php on line 22
[13-Dec-2023 13:18:26 UTC] PHP Warning:  Attempt to read property "title" on null in C:\Users\Dave\Local Sites\socialbrothers-case\app\public\wp-includes\class-wp-customize-widgets.php on line 905
[13-Dec-2023 21:45:31 UTC] PHP Warning:  Attempt to read property "title" on null in C:\Users\Dave\Local Sites\socialbrothers-case\app\public\wp-includes\class-wp-customize-widgets.php on line 905
[13-Dec-2023 22:41:10 UTC] PHP Warning:  Attempt to read property "title" on null in C:\Users\Dave\Local Sites\socialbrothers-case\app\public\wp-includes\class-wp-customize-widgets.php on line 905
[13-Dec-2023 22:59:04 UTC] PHP Parse error:  Unmatched ')' in C:\Users\Dave\Local Sites\socialbrothers-case\app\public\wp-content\themes\socialbrothers\partials\post.php on line 6
[13-Dec-2023 23:16:13 UTC] PHP Warning:  Attempt to read property "title" on null in C:\Users\Dave\Local Sites\socialbrothers-case\app\public\wp-includes\class-wp-customize-widgets.php on line 905
[13-Dec-2023 23:23:28 UTC] PHP Warning:  Attempt to read property "title" on null in C:\Users\Dave\Local Sites\socialbrothers-case\app\public\wp-includes\class-wp-customize-widgets.php on line 905
[13-Dec-2023 23:43:33 UTC] PHP Warning:  Attempt to read property "title" on null in C:\Users\Dave\Local Sites\socialbrothers-case\app\public\wp-includes\class-wp-customize-widgets.php on line 905
[14-Dec-2023 00:04:10 UTC] PHP Warning:  Undefined variable $relatedPost in C:\Users\Dave\Local Sites\socialbrothers-case\app\public\wp-content\themes\socialbrothers\partials\relatedPost.php on line 19
[14-Dec-2023 00:04:10 UTC] PHP Fatal error:  Uncaught Error: Call to a member function have_posts() on null in C:\Users\Dave\Local Sites\socialbrothers-case\app\public\wp-content\themes\socialbrothers\partials\relatedPost.php:19
Stack trace:
#0 C:\Users\Dave\Local Sites\socialbrothers-case\app\public\wp-includes\template.php(792): require()
#1 C:\Users\Dave\Local Sites\socialbrothers-case\app\public\wp-includes\template.php(725): load_template('C:\\Users\\Dave\\L...', false, Array)
#2 C:\Users\Dave\Local Sites\socialbrothers-case\app\public\wp-includes\general-template.php(206): locate_template(Array, true, false, Array)
#3 C:\Users\Dave\Local Sites\socialbrothers-case\app\public\wp-content\themes\socialbrothers\single.php(34): get_template_part('partials/relate...', '', Array)
#4 C:\Users\Dave\Local Sites\socialbrothers-case\app\public\wp-includes\template-loader.php(106): include('C:\\Users\\Dave\\L...')
#5 C:\Users\Dave\Local Sites\socialbrothers-case\app\public\wp-blog-header.php(19): require_once('C:\\Users\\Dave\\L...')
#6 C:\Users\Dave\Local Sites\socialbrothers-case\app\public\index.php(17): require('C:\\Users\\Dave\\L...')
#7 {main}
  thrown in C:\Users\Dave\Local Sites\socialbrothers-case\app\public\wp-content\themes\socialbrothers\partials\relatedPost.php on line 19
[14-Dec-2023 00:06:29 UTC] PHP Warning:  Undefined variable $relatedPost in C:\Users\Dave\Local Sites\socialbrothers-case\app\public\wp-content\themes\socialbrothers\partials\relatedPost.php on line 19
[14-Dec-2023 00:06:29 UTC] PHP Fatal error:  Uncaught Error: Call to a member function have_posts() on null in C:\Users\Dave\Local Sites\socialbrothers-case\app\public\wp-content\themes\socialbrothers\partials\relatedPost.php:19
Stack trace:
#0 C:\Users\Dave\Local Sites\socialbrothers-case\app\public\wp-includes\template.php(792): require()
#1 C:\Users\Dave\Local Sites\socialbrothers-case\app\public\wp-includes\template.php(725): load_template('C:\\Users\\Dave\\L...', false, Array)
#2 C:\Users\Dave\Local Sites\socialbrothers-case\app\public\wp-includes\general-template.php(206): locate_template(Array, true, false, Array)
#3 C:\Users\Dave\Local Sites\socialbrothers-case\app\public\wp-content\themes\socialbrothers\single.php(34): get_template_part('partials/relate...', '', Array)
#4 C:\Users\Dave\Local Sites\socialbrothers-case\app\public\wp-includes\template-loader.php(106): include('C:\\Users\\Dave\\L...')
#5 C:\Users\Dave\Local Sites\socialbrothers-case\app\public\wp-blog-header.php(19): require_once('C:\\Users\\Dave\\L...')
#6 C:\Users\Dave\Local Sites\socialbrothers-case\app\public\index.php(17): require('C:\\Users\\Dave\\L...')
#7 {main}
  thrown in C:\Users\Dave\Local Sites\socialbrothers-case\app\public\wp-content\themes\socialbrothers\partials\relatedPost.php on line 19
[14-Dec-2023 00:18:27 UTC] PHP Warning:  Trying to access array offset on value of type null in C:\Users\Dave\Local Sites\socialbrothers-case\app\public\wp-content\themes\socialbrothers\single.php on line 40
[14-Dec-2023 00:19:50 UTC] PHP Warning:  Trying to access array offset on value of type null in C:\Users\Dave\Local Sites\socialbrothers-case\app\public\wp-content\themes\socialbrothers\single.php on line 40
[14-Dec-2023 00:23:24 UTC] PHP Warning:  Undefined variable $relatedPost in C:\Users\Dave\Local Sites\socialbrothers-case\app\public\wp-content\themes\socialbrothers\partials\relatedPost.php on line 19
[14-Dec-2023 00:23:24 UTC] PHP Fatal error:  Uncaught Error: Call to a member function have_posts() on null in C:\Users\Dave\Local Sites\socialbrothers-case\app\public\wp-content\themes\socialbrothers\partials\relatedPost.php:19
Stack trace:
#0 C:\Users\Dave\Local Sites\socialbrothers-case\app\public\wp-includes\template.php(792): require()
#1 C:\Users\Dave\Local Sites\socialbrothers-case\app\public\wp-includes\template.php(725): load_template('C:\\Users\\Dave\\L...', false, Array)
#2 C:\Users\Dave\Local Sites\socialbrothers-case\app\public\wp-includes\general-template.php(206): locate_template(Array, true, false, Array)
#3 C:\Users\Dave\Local Sites\socialbrothers-case\app\public\wp-content\themes\socialbrothers\single.php(46): get_template_part('partials/relate...', '', Array)
#4 C:\Users\Dave\Local Sites\socialbrothers-case\app\public\wp-includes\template-loader.php(106): include('C:\\Users\\Dave\\L...')
#5 C:\Users\Dave\Local Sites\socialbrothers-case\app\public\wp-blog-header.php(19): require_once('C:\\Users\\Dave\\L...')
#6 C:\Users\Dave\Local Sites\socialbrothers-case\app\public\index.php(17): require('C:\\Users\\Dave\\L...')
#7 {main}
  thrown in C:\Users\Dave\Local Sites\socialbrothers-case\app\public\wp-content\themes\socialbrothers\partials\relatedPost.php on line 19
[14-Dec-2023 00:27:18 UTC] PHP Warning:  Undefined variable $relatedPost in C:\Users\Dave\Local Sites\socialbrothers-case\app\public\wp-content\themes\socialbrothers\partials\relatedPost.php on line 19
[14-Dec-2023 00:27:18 UTC] PHP Fatal error:  Uncaught Error: Call to a member function have_posts() on null in C:\Users\Dave\Local Sites\socialbrothers-case\app\public\wp-content\themes\socialbrothers\partials\relatedPost.php:19
Stack trace:
#0 C:\Users\Dave\Local Sites\socialbrothers-case\app\public\wp-includes\template.php(792): require()
#1 C:\Users\Dave\Local Sites\socialbrothers-case\app\public\wp-includes\template.php(725): load_template('C:\\Users\\Dave\\L...', false, Array)
#2 C:\Users\Dave\Local Sites\socialbrothers-case\app\public\wp-includes\general-template.php(206): locate_template(Array, true, false, Array)
#3 C:\Users\Dave\Local Sites\socialbrothers-case\app\public\wp-content\themes\socialbrothers\single.php(46): get_template_part('partials/relate...', '', Array)
#4 C:\Users\Dave\Local Sites\socialbrothers-case\app\public\wp-includes\template-loader.php(106): include('C:\\Users\\Dave\\L...')
#5 C:\Users\Dave\Local Sites\socialbrothers-case\app\public\wp-blog-header.php(19): require_once('C:\\Users\\Dave\\L...')
#6 C:\Users\Dave\Local Sites\socialbrothers-case\app\public\index.php(17): require('C:\\Users\\Dave\\L...')
#7 {main}
  thrown in C:\Users\Dave\Local Sites\socialbrothers-case\app\public\wp-content\themes\socialbrothers\partials\relatedPost.php on line 19
[14-Dec-2023 00:28:45 UTC] PHP Warning:  Undefined variable $relatedPost in C:\Users\Dave\Local Sites\socialbrothers-case\app\public\wp-content\themes\socialbrothers\partials\relatedPost.php on line 19
[14-Dec-2023 00:28:45 UTC] PHP Fatal error:  Uncaught Error: Call to a member function have_posts() on null in C:\Users\Dave\Local Sites\socialbrothers-case\app\public\wp-content\themes\socialbrothers\partials\relatedPost.php:19
Stack trace:
#0 C:\Users\Dave\Local Sites\socialbrothers-case\app\public\wp-includes\template.php(792): require()
#1 C:\Users\Dave\Local Sites\socialbrothers-case\app\public\wp-includes\template.php(725): load_template('C:\\Users\\Dave\\L...', false, Array)
#2 C:\Users\Dave\Local Sites\socialbrothers-case\app\public\wp-includes\general-template.php(206): locate_template(Array, true, false, Array)
#3 C:\Users\Dave\Local Sites\socialbrothers-case\app\public\wp-content\themes\socialbrothers\single.php(46): get_template_part('partials/relate...', '', Array)
#4 C:\Users\Dave\Local Sites\socialbrothers-case\app\public\wp-includes\template-loader.php(106): include('C:\\Users\\Dave\\L...')
#5 C:\Users\Dave\Local Sites\socialbrothers-case\app\public\wp-blog-header.php(19): require_once('C:\\Users\\Dave\\L...')
#6 C:\Users\Dave\Local Sites\socialbrothers-case\app\public\index.php(17): require('C:\\Users\\Dave\\L...')
#7 {main}
  thrown in C:\Users\Dave\Local Sites\socialbrothers-case\app\public\wp-content\themes\socialbrothers\partials\relatedPost.php on line 19
[14-Dec-2023 00:33:20 UTC] PHP Warning:  Undefined variable $relatedPost in C:\Users\Dave\Local Sites\socialbrothers-case\app\public\wp-content\themes\socialbrothers\partials\relatedPost.php on line 19
[14-Dec-2023 00:33:20 UTC] PHP Fatal error:  Uncaught Error: Call to a member function have_posts() on null in C:\Users\Dave\Local Sites\socialbrothers-case\app\public\wp-content\themes\socialbrothers\partials\relatedPost.php:19
Stack trace:
#0 C:\Users\Dave\Local Sites\socialbrothers-case\app\public\wp-includes\template.php(792): require()
#1 C:\Users\Dave\Local Sites\socialbrothers-case\app\public\wp-includes\template.php(725): load_template('C:\\Users\\Dave\\L...', false, Array)
#2 C:\Users\Dave\Local Sites\socialbrothers-case\app\public\wp-includes\general-template.php(206): locate_template(Array, true, false, Array)
#3 C:\Users\Dave\Local Sites\socialbrothers-case\app\public\wp-content\themes\socialbrothers\single.php(47): get_template_part('partials/relate...', '', Array)
#4 C:\Users\Dave\Local Sites\socialbrothers-case\app\public\wp-includes\template-loader.php(106): include('C:\\Users\\Dave\\L...')
#5 C:\Users\Dave\Local Sites\socialbrothers-case\app\public\wp-blog-header.php(19): require_once('C:\\Users\\Dave\\L...')
#6 C:\Users\Dave\Local Sites\socialbrothers-case\app\public\index.php(17): require('C:\\Users\\Dave\\L...')
#7 {main}
  thrown in C:\Users\Dave\Local Sites\socialbrothers-case\app\public\wp-content\themes\socialbrothers\partials\relatedPost.php on line 19
[14-Dec-2023 00:34:16 UTC] PHP Parse error:  syntax error, unexpected token "echo" in C:\Users\Dave\Local Sites\socialbrothers-case\app\public\wp-content\themes\socialbrothers\single.php on line 41
[14-Dec-2023 00:34:27 UTC] PHP Warning:  Undefined variable $relatedPost in C:\Users\Dave\Local Sites\socialbrothers-case\app\public\wp-content\themes\socialbrothers\partials\relatedPost.php on line 19
[14-Dec-2023 00:34:27 UTC] PHP Fatal error:  Uncaught Error: Call to a member function have_posts() on null in C:\Users\Dave\Local Sites\socialbrothers-case\app\public\wp-content\themes\socialbrothers\partials\relatedPost.php:19
Stack trace:
#0 C:\Users\Dave\Local Sites\socialbrothers-case\app\public\wp-includes\template.php(792): require()
#1 C:\Users\Dave\Local Sites\socialbrothers-case\app\public\wp-includes\template.php(725): load_template('C:\\Users\\Dave\\L...', false, Array)
#2 C:\Users\Dave\Local Sites\socialbrothers-case\app\public\wp-includes\general-template.php(206): locate_template(Array, true, false, Array)
#3 C:\Users\Dave\Local Sites\socialbrothers-case\app\public\wp-content\themes\socialbrothers\single.php(48): get_template_part('partials/relate...', '', Array)
#4 C:\Users\Dave\Local Sites\socialbrothers-case\app\public\wp-includes\template-loader.php(106): include('C:\\Users\\Dave\\L...')
#5 C:\Users\Dave\Local Sites\socialbrothers-case\app\public\wp-blog-header.php(19): require_once('C:\\Users\\Dave\\L...')
#6 C:\Users\Dave\Local Sites\socialbrothers-case\app\public\index.php(17): require('C:\\Users\\Dave\\L...')
#7 {main}
  thrown in C:\Users\Dave\Local Sites\socialbrothers-case\app\public\wp-content\themes\socialbrothers\partials\relatedPost.php on line 19
[14-Dec-2023 00:35:29 UTC] PHP Warning:  Trying to access array offset on value of type null in C:\Users\Dave\Local Sites\socialbrothers-case\app\public\wp-content\themes\socialbrothers\single.php on line 41
[14-Dec-2023 00:35:29 UTC] PHP Warning:  Attempt to read property "slug" on null in C:\Users\Dave\Local Sites\socialbrothers-case\app\public\wp-content\themes\socialbrothers\single.php on line 41
[14-Dec-2023 00:35:29 UTC] PHP Warning:  Undefined variable $relatedPost in C:\Users\Dave\Local Sites\socialbrothers-case\app\public\wp-content\themes\socialbrothers\partials\relatedPost.php on line 19
[14-Dec-2023 00:35:29 UTC] PHP Fatal error:  Uncaught Error: Call to a member function have_posts() on null in C:\Users\Dave\Local Sites\socialbrothers-case\app\public\wp-content\themes\socialbrothers\partials\relatedPost.php:19
Stack trace:
#0 C:\Users\Dave\Local Sites\socialbrothers-case\app\public\wp-includes\template.php(792): require()
#1 C:\Users\Dave\Local Sites\socialbrothers-case\app\public\wp-includes\template.php(725): load_template('C:\\Users\\Dave\\L...', false, Array)
#2 C:\Users\Dave\Local Sites\socialbrothers-case\app\public\wp-includes\general-template.php(206): locate_template(Array, true, false, Array)
#3 C:\Users\Dave\Local Sites\socialbrothers-case\app\public\wp-content\themes\socialbrothers\single.php(46): get_template_part('partials/relate...', '', Array)
#4 C:\Users\Dave\Local Sites\socialbrothers-case\app\public\wp-includes\template-loader.php(106): include('C:\\Users\\Dave\\L...')
#5 C:\Users\Dave\Local Sites\socialbrothers-case\app\public\wp-blog-header.php(19): require_once('C:\\Users\\Dave\\L...')
#6 C:\Users\Dave\Local Sites\socialbrothers-case\app\public\index.php(17): require('C:\\Users\\Dave\\L...')
#7 {main}
  thrown in C:\Users\Dave\Local Sites\socialbrothers-case\app\public\wp-content\themes\socialbrothers\partials\relatedPost.php on line 19
[14-Dec-2023 00:36:03 UTC] PHP Warning:  Undefined variable $relatedPost in C:\Users\Dave\Local Sites\socialbrothers-case\app\public\wp-content\themes\socialbrothers\partials\relatedPost.php on line 19
[14-Dec-2023 00:36:03 UTC] PHP Fatal error:  Uncaught Error: Call to a member function have_posts() on null in C:\Users\Dave\Local Sites\socialbrothers-case\app\public\wp-content\themes\socialbrothers\partials\relatedPost.php:19
Stack trace:
#0 C:\Users\Dave\Local Sites\socialbrothers-case\app\public\wp-includes\template.php(792): require()
#1 C:\Users\Dave\Local Sites\socialbrothers-case\app\public\wp-includes\template.php(725): load_template('C:\\Users\\Dave\\L...', false, Array)
#2 C:\Users\Dave\Local Sites\socialbrothers-case\app\public\wp-includes\general-template.php(206): locate_template(Array, true, false, Array)
#3 C:\Users\Dave\Local Sites\socialbrothers-case\app\public\wp-content\themes\socialbrothers\single.php(46): get_template_part('partials/relate...', '', Array)
#4 C:\Users\Dave\Local Sites\socialbrothers-case\app\public\wp-includes\template-loader.php(106): include('C:\\Users\\Dave\\L...')
#5 C:\Users\Dave\Local Sites\socialbrothers-case\app\public\wp-blog-header.php(19): require_once('C:\\Users\\Dave\\L...')
#6 C:\Users\Dave\Local Sites\socialbrothers-case\app\public\index.php(17): require('C:\\Users\\Dave\\L...')
#7 {main}
  thrown in C:\Users\Dave\Local Sites\socialbrothers-case\app\public\wp-content\themes\socialbrothers\partials\relatedPost.php on line 19
[14-Dec-2023 00:36:05 UTC] PHP Warning:  Undefined variable $relatedPost in C:\Users\Dave\Local Sites\socialbrothers-case\app\public\wp-content\themes\socialbrothers\partials\relatedPost.php on line 19
[14-Dec-2023 00:36:05 UTC] PHP Fatal error:  Uncaught Error: Call to a member function have_posts() on null in C:\Users\Dave\Local Sites\socialbrothers-case\app\public\wp-content\themes\socialbrothers\partials\relatedPost.php:19
Stack trace:
#0 C:\Users\Dave\Local Sites\socialbrothers-case\app\public\wp-includes\template.php(792): require()
#1 C:\Users\Dave\Local Sites\socialbrothers-case\app\public\wp-includes\template.php(725): load_template('C:\\Users\\Dave\\L...', false, Array)
#2 C:\Users\Dave\Local Sites\socialbrothers-case\app\public\wp-includes\general-template.php(206): locate_template(Array, true, false, Array)
#3 C:\Users\Dave\Local Sites\socialbrothers-case\app\public\wp-content\themes\socialbrothers\single.php(46): get_template_part('partials/relate...', '', Array)
#4 C:\Users\Dave\Local Sites\socialbrothers-case\app\public\wp-includes\template-loader.php(106): include('C:\\Users\\Dave\\L...')
#5 C:\Users\Dave\Local Sites\socialbrothers-case\app\public\wp-blog-header.php(19): require_once('C:\\Users\\Dave\\L...')
#6 C:\Users\Dave\Local Sites\socialbrothers-case\app\public\index.php(17): require('C:\\Users\\Dave\\L...')
#7 {main}
  thrown in C:\Users\Dave\Local Sites\socialbrothers-case\app\public\wp-content\themes\socialbrothers\partials\relatedPost.php on line 19
[14-Dec-2023 00:36:06 UTC] PHP Warning:  Undefined variable $relatedPost in C:\Users\Dave\Local Sites\socialbrothers-case\app\public\wp-content\themes\socialbrothers\partials\relatedPost.php on line 19
[14-Dec-2023 00:36:06 UTC] PHP Fatal error:  Uncaught Error: Call to a member function have_posts() on null in C:\Users\Dave\Local Sites\socialbrothers-case\app\public\wp-content\themes\socialbrothers\partials\relatedPost.php:19
Stack trace:
#0 C:\Users\Dave\Local Sites\socialbrothers-case\app\public\wp-includes\template.php(792): require()
#1 C:\Users\Dave\Local Sites\socialbrothers-case\app\public\wp-includes\template.php(725): load_template('C:\\Users\\Dave\\L...', false, Array)
#2 C:\Users\Dave\Local Sites\socialbrothers-case\app\public\wp-includes\general-template.php(206): locate_template(Array, true, false, Array)
#3 C:\Users\Dave\Local Sites\socialbrothers-case\app\public\wp-content\themes\socialbrothers\single.php(46): get_template_part('partials/relate...', '', Array)
#4 C:\Users\Dave\Local Sites\socialbrothers-case\app\public\wp-includes\template-loader.php(106): include('C:\\Users\\Dave\\L...')
#5 C:\Users\Dave\Local Sites\socialbrothers-case\app\public\wp-blog-header.php(19): require_once('C:\\Users\\Dave\\L...')
#6 C:\Users\Dave\Local Sites\socialbrothers-case\app\public\index.php(17): require('C:\\Users\\Dave\\L...')
#7 {main}
  thrown in C:\Users\Dave\Local Sites\socialbrothers-case\app\public\wp-content\themes\socialbrothers\partials\relatedPost.php on line 19
[14-Dec-2023 00:38:31 UTC] PHP Warning:  Undefined variable $relatedPost in C:\Users\Dave\Local Sites\socialbrothers-case\app\public\wp-content\themes\socialbrothers\partials\relatedPost.php on line 19
[14-Dec-2023 00:38:31 UTC] PHP Fatal error:  Uncaught Error: Call to a member function have_posts() on null in C:\Users\Dave\Local Sites\socialbrothers-case\app\public\wp-content\themes\socialbrothers\partials\relatedPost.php:19
Stack trace:
#0 C:\Users\Dave\Local Sites\socialbrothers-case\app\public\wp-includes\template.php(792): require()
#1 C:\Users\Dave\Local Sites\socialbrothers-case\app\public\wp-includes\template.php(725): load_template('C:\\Users\\Dave\\L...', false, Array)
#2 C:\Users\Dave\Local Sites\socialbrothers-case\app\public\wp-includes\general-template.php(206): locate_template(Array, true, false, Array)
#3 C:\Users\Dave\Local Sites\socialbrothers-case\app\public\wp-content\themes\socialbrothers\single.php(46): get_template_part('partials/relate...', '', Array)
#4 C:\Users\Dave\Local Sites\socialbrothers-case\app\public\wp-includes\template-loader.php(106): include('C:\\Users\\Dave\\L...')
#5 C:\Users\Dave\Local Sites\socialbrothers-case\app\public\wp-blog-header.php(19): require_once('C:\\Users\\Dave\\L...')
#6 C:\Users\Dave\Local Sites\socialbrothers-case\app\public\index.php(17): require('C:\\Users\\Dave\\L...')
#7 {main}
  thrown in C:\Users\Dave\Local Sites\socialbrothers-case\app\public\wp-content\themes\socialbrothers\partials\relatedPost.php on line 19
[14-Dec-2023 00:39:47 UTC] PHP Warning:  Undefined variable $relatedPost in C:\Users\Dave\Local Sites\socialbrothers-case\app\public\wp-content\themes\socialbrothers\partials\relatedPost.php on line 19
[14-Dec-2023 00:39:47 UTC] PHP Fatal error:  Uncaught Error: Call to a member function have_posts() on null in C:\Users\Dave\Local Sites\socialbrothers-case\app\public\wp-content\themes\socialbrothers\partials\relatedPost.php:19
Stack trace:
#0 C:\Users\Dave\Local Sites\socialbrothers-case\app\public\wp-includes\template.php(792): require()
#1 C:\Users\Dave\Local Sites\socialbrothers-case\app\public\wp-includes\template.php(725): load_template('C:\\Users\\Dave\\L...', false, Array)
#2 C:\Users\Dave\Local Sites\socialbrothers-case\app\public\wp-includes\general-template.php(206): locate_template(Array, true, false, Array)
#3 C:\Users\Dave\Local Sites\socialbrothers-case\app\public\wp-content\themes\socialbrothers\single.php(44): get_template_part('partials/relate...', '', Array)
#4 C:\Users\Dave\Local Sites\socialbrothers-case\app\public\wp-includes\template-loader.php(106): include('C:\\Users\\Dave\\L...')
#5 C:\Users\Dave\Local Sites\socialbrothers-case\app\public\wp-blog-header.php(19): require_once('C:\\Users\\Dave\\L...')
#6 C:\Users\Dave\Local Sites\socialbrothers-case\app\public\index.php(17): require('C:\\Users\\Dave\\L...')
#7 {main}
  thrown in C:\Users\Dave\Local Sites\socialbrothers-case\app\public\wp-content\themes\socialbrothers\partials\relatedPost.php on line 19
[14-Dec-2023 00:42:30 UTC] PHP Warning:  Undefined variable $relatedPost in C:\Users\Dave\Local Sites\socialbrothers-case\app\public\wp-content\themes\socialbrothers\partials\relatedPost.php on line 21
[14-Dec-2023 00:42:30 UTC] PHP Fatal error:  Uncaught Error: Call to a member function have_posts() on null in C:\Users\Dave\Local Sites\socialbrothers-case\app\public\wp-content\themes\socialbrothers\partials\relatedPost.php:21
Stack trace:
#0 C:\Users\Dave\Local Sites\socialbrothers-case\app\public\wp-includes\template.php(792): require()
#1 C:\Users\Dave\Local Sites\socialbrothers-case\app\public\wp-includes\template.php(725): load_template('C:\\Users\\Dave\\L...', false, Array)
#2 C:\Users\Dave\Local Sites\socialbrothers-case\app\public\wp-includes\general-template.php(206): locate_template(Array, true, false, Array)
#3 C:\Users\Dave\Local Sites\socialbrothers-case\app\public\wp-content\themes\socialbrothers\single.php(44): get_template_part('partials/relate...', '', Array)
#4 C:\Users\Dave\Local Sites\socialbrothers-case\app\public\wp-includes\template-loader.php(106): include('C:\\Users\\Dave\\L...')
#5 C:\Users\Dave\Local Sites\socialbrothers-case\app\public\wp-blog-header.php(19): require_once('C:\\Users\\Dave\\L...')
#6 C:\Users\Dave\Local Sites\socialbrothers-case\app\public\index.php(17): require('C:\\Users\\Dave\\L...')
#7 {main}
  thrown in C:\Users\Dave\Local Sites\socialbrothers-case\app\public\wp-content\themes\socialbrothers\partials\relatedPost.php on line 21
[14-Dec-2023 00:43:45 UTC] PHP Fatal error:  Uncaught Error: Call to a member function have_posts() on null in C:\Users\Dave\Local Sites\socialbrothers-case\app\public\wp-content\themes\socialbrothers\partials\relatedPost.php:23
Stack trace:
#0 C:\Users\Dave\Local Sites\socialbrothers-case\app\public\wp-includes\template.php(792): require()
#1 C:\Users\Dave\Local Sites\socialbrothers-case\app\public\wp-includes\template.php(725): load_template('C:\\Users\\Dave\\L...', false, Array)
#2 C:\Users\Dave\Local Sites\socialbrothers-case\app\public\wp-includes\general-template.php(206): locate_template(Array, true, false, Array)
#3 C:\Users\Dave\Local Sites\socialbrothers-case\app\public\wp-content\themes\socialbrothers\single.php(44): get_template_part('partials/relate...', '', Array)
#4 C:\Users\Dave\Local Sites\socialbrothers-case\app\public\wp-includes\template-loader.php(106): include('C:\\Users\\Dave\\L...')
#5 C:\Users\Dave\Local Sites\socialbrothers-case\app\public\wp-blog-header.php(19): require_once('C:\\Users\\Dave\\L...')
#6 C:\Users\Dave\Local Sites\socialbrothers-case\app\public\index.php(17): require('C:\\Users\\Dave\\L...')
#7 {main}
  thrown in C:\Users\Dave\Local Sites\socialbrothers-case\app\public\wp-content\themes\socialbrothers\partials\relatedPost.php on line 23
[14-Dec-2023 00:44:15 UTC] PHP Fatal error:  Uncaught Error: Call to a member function have_posts() on null in C:\Users\Dave\Local Sites\socialbrothers-case\app\public\wp-content\themes\socialbrothers\partials\relatedPost.php:23
Stack trace:
#0 C:\Users\Dave\Local Sites\socialbrothers-case\app\public\wp-includes\template.php(792): require()
#1 C:\Users\Dave\Local Sites\socialbrothers-case\app\public\wp-includes\template.php(725): load_template('C:\\Users\\Dave\\L...', false, Array)
#2 C:\Users\Dave\Local Sites\socialbrothers-case\app\public\wp-includes\general-template.php(206): locate_template(Array, true, false, Array)
#3 C:\Users\Dave\Local Sites\socialbrothers-case\app\public\wp-content\themes\socialbrothers\single.php(44): get_template_part('partials/relate...', '', Array)
#4 C:\Users\Dave\Local Sites\socialbrothers-case\app\public\wp-includes\template-loader.php(106): include('C:\\Users\\Dave\\L...')
#5 C:\Users\Dave\Local Sites\socialbrothers-case\app\public\wp-blog-header.php(19): require_once('C:\\Users\\Dave\\L...')
#6 C:\Users\Dave\Local Sites\socialbrothers-case\app\public\index.php(17): require('C:\\Users\\Dave\\L...')
#7 {main}
  thrown in C:\Users\Dave\Local Sites\socialbrothers-case\app\public\wp-content\themes\socialbrothers\partials\relatedPost.php on line 23
[14-Dec-2023 00:46:46 UTC] PHP Warning:  Trying to access array offset on value of type null in C:\Users\Dave\Local Sites\socialbrothers-case\app\public\wp-content\themes\socialbrothers\single.php on line 34
[14-Dec-2023 00:46:46 UTC] PHP Fatal error:  Uncaught Error: Call to a member function have_posts() on null in C:\Users\Dave\Local Sites\socialbrothers-case\app\public\wp-content\themes\socialbrothers\partials\relatedPost.php:23
Stack trace:
#0 C:\Users\Dave\Local Sites\socialbrothers-case\app\public\wp-includes\template.php(792): require()
#1 C:\Users\Dave\Local Sites\socialbrothers-case\app\public\wp-includes\template.php(725): load_template('C:\\Users\\Dave\\L...', false, Array)
#2 C:\Users\Dave\Local Sites\socialbrothers-case\app\public\wp-includes\general-template.php(206): locate_template(Array, true, false, Array)
#3 C:\Users\Dave\Local Sites\socialbrothers-case\app\public\wp-content\themes\socialbrothers\single.php(44): get_template_part('partials/relate...', '', Array)
#4 C:\Users\Dave\Local Sites\socialbrothers-case\app\public\wp-includes\template-loader.php(106): include('C:\\Users\\Dave\\L...')
#5 C:\Users\Dave\Local Sites\socialbrothers-case\app\public\wp-blog-header.php(19): require_once('C:\\Users\\Dave\\L...')
#6 C:\Users\Dave\Local Sites\socialbrothers-case\app\public\index.php(17): require('C:\\Users\\Dave\\L...')
#7 {main}
  thrown in C:\Users\Dave\Local Sites\socialbrothers-case\app\public\wp-content\themes\socialbrothers\partials\relatedPost.php on line 23
[14-Dec-2023 00:48:44 UTC] PHP Warning:  Trying to access array offset on value of type null in C:\Users\Dave\Local Sites\socialbrothers-case\app\public\wp-content\themes\socialbrothers\single.php on line 34
[14-Dec-2023 00:48:44 UTC] PHP Fatal error:  Uncaught Error: Call to a member function have_posts() on null in C:\Users\Dave\Local Sites\socialbrothers-case\app\public\wp-content\themes\socialbrothers\partials\relatedPost.php:23
Stack trace:
#0 C:\Users\Dave\Local Sites\socialbrothers-case\app\public\wp-includes\template.php(792): require()
#1 C:\Users\Dave\Local Sites\socialbrothers-case\app\public\wp-includes\template.php(725): load_template('C:\\Users\\Dave\\L...', false, Array)
#2 C:\Users\Dave\Local Sites\socialbrothers-case\app\public\wp-includes\general-template.php(206): locate_template(Array, true, false, Array)
#3 C:\Users\Dave\Local Sites\socialbrothers-case\app\public\wp-content\themes\socialbrothers\single.php(44): get_template_part('partials/relate...', '', Array)
#4 C:\Users\Dave\Local Sites\socialbrothers-case\app\public\wp-includes\template-loader.php(106): include('C:\\Users\\Dave\\L...')
#5 C:\Users\Dave\Local Sites\socialbrothers-case\app\public\wp-blog-header.php(19): require_once('C:\\Users\\Dave\\L...')
#6 C:\Users\Dave\Local Sites\socialbrothers-case\app\public\index.php(17): require('C:\\Users\\Dave\\L...')
#7 {main}
  thrown in C:\Users\Dave\Local Sites\socialbrothers-case\app\public\wp-content\themes\socialbrothers\partials\relatedPost.php on line 23
[14-Dec-2023 00:48:54 UTC] PHP Warning:  Array to string conversion in C:\Users\Dave\Local Sites\socialbrothers-case\app\public\wp-content\themes\socialbrothers\single.php on line 34
[14-Dec-2023 00:48:54 UTC] PHP Fatal error:  Uncaught Error: Call to a member function have_posts() on null in C:\Users\Dave\Local Sites\socialbrothers-case\app\public\wp-content\themes\socialbrothers\partials\relatedPost.php:23
Stack trace:
#0 C:\Users\Dave\Local Sites\socialbrothers-case\app\public\wp-includes\template.php(792): require()
#1 C:\Users\Dave\Local Sites\socialbrothers-case\app\public\wp-includes\template.php(725): load_template('C:\\Users\\Dave\\L...', false, Array)
#2 C:\Users\Dave\Local Sites\socialbrothers-case\app\public\wp-includes\general-template.php(206): locate_template(Array, true, false, Array)
#3 C:\Users\Dave\Local Sites\socialbrothers-case\app\public\wp-content\themes\socialbrothers\single.php(44): get_template_part('partials/relate...', '', Array)
#4 C:\Users\Dave\Local Sites\socialbrothers-case\app\public\wp-includes\template-loader.php(106): include('C:\\Users\\Dave\\L...')
#5 C:\Users\Dave\Local Sites\socialbrothers-case\app\public\wp-blog-header.php(19): require_once('C:\\Users\\Dave\\L...')
#6 C:\Users\Dave\Local Sites\socialbrothers-case\app\public\index.php(17): require('C:\\Users\\Dave\\L...')
#7 {main}
  thrown in C:\Users\Dave\Local Sites\socialbrothers-case\app\public\wp-content\themes\socialbrothers\partials\relatedPost.php on line 23
[14-Dec-2023 00:55:21 UTC] PHP Warning:  Array to string conversion in C:\Users\Dave\Local Sites\socialbrothers-case\app\public\wp-content\themes\socialbrothers\single.php on line 21
[14-Dec-2023 00:55:21 UTC] PHP Fatal error:  Uncaught Error: Call to undefined function toString() in C:\Users\Dave\Local Sites\socialbrothers-case\app\public\wp-content\themes\socialbrothers\single.php:36
Stack trace:
#0 C:\Users\Dave\Local Sites\socialbrothers-case\app\public\wp-includes\template-loader.php(106): include()
#1 C:\Users\Dave\Local Sites\socialbrothers-case\app\public\wp-blog-header.php(19): require_once('C:\\Users\\Dave\\L...')
#2 C:\Users\Dave\Local Sites\socialbrothers-case\app\public\index.php(17): require('C:\\Users\\Dave\\L...')
#3 {main}
  thrown in C:\Users\Dave\Local Sites\socialbrothers-case\app\public\wp-content\themes\socialbrothers\single.php on line 36
[14-Dec-2023 00:56:05 UTC] PHP Fatal error:  Uncaught Error: Call to a member function have_posts() on null in C:\Users\Dave\Local Sites\socialbrothers-case\app\public\wp-content\themes\socialbrothers\partials\relatedPost.php:23
Stack trace:
#0 C:\Users\Dave\Local Sites\socialbrothers-case\app\public\wp-includes\template.php(792): require()
#1 C:\Users\Dave\Local Sites\socialbrothers-case\app\public\wp-includes\template.php(725): load_template('C:\\Users\\Dave\\L...', false, Array)
#2 C:\Users\Dave\Local Sites\socialbrothers-case\app\public\wp-includes\general-template.php(206): locate_template(Array, true, false, Array)
#3 C:\Users\Dave\Local Sites\socialbrothers-case\app\public\wp-content\themes\socialbrothers\single.php(43): get_template_part('partials/relate...', '', Array)
#4 C:\Users\Dave\Local Sites\socialbrothers-case\app\public\wp-includes\template-loader.php(106): include('C:\\Users\\Dave\\L...')
#5 C:\Users\Dave\Local Sites\socialbrothers-case\app\public\wp-blog-header.php(19): require_once('C:\\Users\\Dave\\L...')
#6 C:\Users\Dave\Local Sites\socialbrothers-case\app\public\index.php(17): require('C:\\Users\\Dave\\L...')
#7 {main}
  thrown in C:\Users\Dave\Local Sites\socialbrothers-case\app\public\wp-content\themes\socialbrothers\partials\relatedPost.php on line 23
[14-Dec-2023 00:56:11 UTC] PHP Fatal error:  Uncaught Error: Call to a member function have_posts() on null in C:\Users\Dave\Local Sites\socialbrothers-case\app\public\wp-content\themes\socialbrothers\partials\relatedPost.php:23
Stack trace:
#0 C:\Users\Dave\Local Sites\socialbrothers-case\app\public\wp-includes\template.php(792): require()
#1 C:\Users\Dave\Local Sites\socialbrothers-case\app\public\wp-includes\template.php(725): load_template('C:\\Users\\Dave\\L...', false, Array)
#2 C:\Users\Dave\Local Sites\socialbrothers-case\app\public\wp-includes\general-template.php(206): locate_template(Array, true, false, Array)
#3 C:\Users\Dave\Local Sites\socialbrothers-case\app\public\wp-content\themes\socialbrothers\single.php(43): get_template_part('partials/relate...', '', Array)
#4 C:\Users\Dave\Local Sites\socialbrothers-case\app\public\wp-includes\template-loader.php(106): include('C:\\Users\\Dave\\L...')
#5 C:\Users\Dave\Local Sites\socialbrothers-case\app\public\wp-blog-header.php(19): require_once('C:\\Users\\Dave\\L...')
#6 C:\Users\Dave\Local Sites\socialbrothers-case\app\public\index.php(17): require('C:\\Users\\Dave\\L...')
#7 {main}
  thrown in C:\Users\Dave\Local Sites\socialbrothers-case\app\public\wp-content\themes\socialbrothers\partials\relatedPost.php on line 23
[14-Dec-2023 00:56:55 UTC] PHP Warning:  Undefined array key "current_category" in C:\Users\Dave\Local Sites\socialbrothers-case\app\public\wp-content\themes\socialbrothers\partials\relatedPost.php on line 21
[14-Dec-2023 00:56:55 UTC] PHP Fatal error:  Uncaught Error: Call to a member function have_posts() on null in C:\Users\Dave\Local Sites\socialbrothers-case\app\public\wp-content\themes\socialbrothers\partials\relatedPost.php:23
Stack trace:
#0 C:\Users\Dave\Local Sites\socialbrothers-case\app\public\wp-includes\template.php(792): require()
#1 C:\Users\Dave\Local Sites\socialbrothers-case\app\public\wp-includes\template.php(725): load_template('C:\\Users\\Dave\\L...', false, Array)
#2 C:\Users\Dave\Local Sites\socialbrothers-case\app\public\wp-includes\general-template.php(206): locate_template(Array, true, false, Array)
#3 C:\Users\Dave\Local Sites\socialbrothers-case\app\public\wp-content\themes\socialbrothers\single.php(34): get_template_part('partials/relate...')
#4 C:\Users\Dave\Local Sites\socialbrothers-case\app\public\wp-includes\template-loader.php(106): include('C:\\Users\\Dave\\L...')
#5 C:\Users\Dave\Local Sites\socialbrothers-case\app\public\wp-blog-header.php(19): require_once('C:\\Users\\Dave\\L...')
#6 C:\Users\Dave\Local Sites\socialbrothers-case\app\public\index.php(17): require('C:\\Users\\Dave\\L...')
#7 {main}
  thrown in C:\Users\Dave\Local Sites\socialbrothers-case\app\public\wp-content\themes\socialbrothers\partials\relatedPost.php on line 23
[14-Dec-2023 00:57:45 UTC] PHP Fatal error:  Uncaught Error: Call to a member function have_posts() on null in C:\Users\Dave\Local Sites\socialbrothers-case\app\public\wp-content\themes\socialbrothers\partials\relatedPost.php:23
Stack trace:
#0 C:\Users\Dave\Local Sites\socialbrothers-case\app\public\wp-includes\template.php(792): require()
#1 C:\Users\Dave\Local Sites\socialbrothers-case\app\public\wp-includes\template.php(725): load_template('C:\\Users\\Dave\\L...', false, Array)
#2 C:\Users\Dave\Local Sites\socialbrothers-case\app\public\wp-includes\general-template.php(206): locate_template(Array, true, false, Array)
#3 C:\Users\Dave\Local Sites\socialbrothers-case\app\public\wp-content\themes\socialbrothers\single.php(34): get_template_part('partials/relate...', '', Array)
#4 C:\Users\Dave\Local Sites\socialbrothers-case\app\public\wp-includes\template-loader.php(106): include('C:\\Users\\Dave\\L...')
#5 C:\Users\Dave\Local Sites\socialbrothers-case\app\public\wp-blog-header.php(19): require_once('C:\\Users\\Dave\\L...')
#6 C:\Users\Dave\Local Sites\socialbrothers-case\app\public\index.php(17): require('C:\\Users\\Dave\\L...')
#7 {main}
  thrown in C:\Users\Dave\Local Sites\socialbrothers-case\app\public\wp-content\themes\socialbrothers\partials\relatedPost.php on line 23
[14-Dec-2023 00:57:48 UTC] PHP Fatal error:  Uncaught Error: Call to a member function have_posts() on null in C:\Users\Dave\Local Sites\socialbrothers-case\app\public\wp-content\themes\socialbrothers\partials\relatedPost.php:23
Stack trace:
#0 C:\Users\Dave\Local Sites\socialbrothers-case\app\public\wp-includes\template.php(792): require()
#1 C:\Users\Dave\Local Sites\socialbrothers-case\app\public\wp-includes\template.php(725): load_template('C:\\Users\\Dave\\L...', false, Array)
#2 C:\Users\Dave\Local Sites\socialbrothers-case\app\public\wp-includes\general-template.php(206): locate_template(Array, true, false, Array)
#3 C:\Users\Dave\Local Sites\socialbrothers-case\app\public\wp-content\themes\socialbrothers\single.php(34): get_template_part('partials/relate...', '', Array)
#4 C:\Users\Dave\Local Sites\socialbrothers-case\app\public\wp-includes\template-loader.php(106): include('C:\\Users\\Dave\\L...')
#5 C:\Users\Dave\Local Sites\socialbrothers-case\app\public\wp-blog-header.php(19): require_once('C:\\Users\\Dave\\L...')
#6 C:\Users\Dave\Local Sites\socialbrothers-case\app\public\index.php(17): require('C:\\Users\\Dave\\L...')
#7 {main}
  thrown in C:\Users\Dave\Local Sites\socialbrothers-case\app\public\wp-content\themes\socialbrothers\partials\relatedPost.php on line 23
[14-Dec-2023 00:58:30 UTC] PHP Fatal error:  Uncaught Error: Call to a member function have_posts() on null in C:\Users\Dave\Local Sites\socialbrothers-case\app\public\wp-content\themes\socialbrothers\partials\relatedPost.php:23
Stack trace:
#0 C:\Users\Dave\Local Sites\socialbrothers-case\app\public\wp-includes\template.php(792): require()
#1 C:\Users\Dave\Local Sites\socialbrothers-case\app\public\wp-includes\template.php(725): load_template('C:\\Users\\Dave\\L...', false, Array)
#2 C:\Users\Dave\Local Sites\socialbrothers-case\app\public\wp-includes\general-template.php(206): locate_template(Array, true, false, Array)
#3 C:\Users\Dave\Local Sites\socialbrothers-case\app\public\wp-content\themes\socialbrothers\single.php(34): get_template_part('partials/relate...', '', Array)
#4 C:\Users\Dave\Local Sites\socialbrothers-case\app\public\wp-includes\template-loader.php(106): include('C:\\Users\\Dave\\L...')
#5 C:\Users\Dave\Local Sites\socialbrothers-case\app\public\wp-blog-header.php(19): require_once('C:\\Users\\Dave\\L...')
#6 C:\Users\Dave\Local Sites\socialbrothers-case\app\public\index.php(17): require('C:\\Users\\Dave\\L...')
#7 {main}
  thrown in C:\Users\Dave\Local Sites\socialbrothers-case\app\public\wp-content\themes\socialbrothers\partials\relatedPost.php on line 23
[14-Dec-2023 00:58:44 UTC] PHP Fatal error:  Uncaught Error: Call to a member function have_posts() on null in C:\Users\Dave\Local Sites\socialbrothers-case\app\public\wp-content\themes\socialbrothers\partials\relatedPost.php:23
Stack trace:
#0 C:\Users\Dave\Local Sites\socialbrothers-case\app\public\wp-includes\template.php(792): require()
#1 C:\Users\Dave\Local Sites\socialbrothers-case\app\public\wp-includes\template.php(725): load_template('C:\\Users\\Dave\\L...', false, Array)
#2 C:\Users\Dave\Local Sites\socialbrothers-case\app\public\wp-includes\general-template.php(206): locate_template(Array, true, false, Array)
#3 C:\Users\Dave\Local Sites\socialbrothers-case\app\public\wp-content\themes\socialbrothers\single.php(34): get_template_part('partials/relate...', '', Array)
#4 C:\Users\Dave\Local Sites\socialbrothers-case\app\public\wp-includes\template-loader.php(106): include('C:\\Users\\Dave\\L...')
#5 C:\Users\Dave\Local Sites\socialbrothers-case\app\public\wp-blog-header.php(19): require_once('C:\\Users\\Dave\\L...')
#6 C:\Users\Dave\Local Sites\socialbrothers-case\app\public\index.php(17): require('C:\\Users\\Dave\\L...')
#7 {main}
  thrown in C:\Users\Dave\Local Sites\socialbrothers-case\app\public\wp-content\themes\socialbrothers\partials\relatedPost.php on line 23
[14-Dec-2023 00:58:45 UTC] PHP Fatal error:  Uncaught Error: Call to a member function have_posts() on null in C:\Users\Dave\Local Sites\socialbrothers-case\app\public\wp-content\themes\socialbrothers\partials\relatedPost.php:23
Stack trace:
#0 C:\Users\Dave\Local Sites\socialbrothers-case\app\public\wp-includes\template.php(792): require()
#1 C:\Users\Dave\Local Sites\socialbrothers-case\app\public\wp-includes\template.php(725): load_template('C:\\Users\\Dave\\L...', false, Array)
#2 C:\Users\Dave\Local Sites\socialbrothers-case\app\public\wp-includes\general-template.php(206): locate_template(Array, true, false, Array)
#3 C:\Users\Dave\Local Sites\socialbrothers-case\app\public\wp-content\themes\socialbrothers\single.php(34): get_template_part('partials/relate...', '', Array)
#4 C:\Users\Dave\Local Sites\socialbrothers-case\app\public\wp-includes\template-loader.php(106): include('C:\\Users\\Dave\\L...')
#5 C:\Users\Dave\Local Sites\socialbrothers-case\app\public\wp-blog-header.php(19): require_once('C:\\Users\\Dave\\L...')
#6 C:\Users\Dave\Local Sites\socialbrothers-case\app\public\index.php(17): require('C:\\Users\\Dave\\L...')
#7 {main}
  thrown in C:\Users\Dave\Local Sites\socialbrothers-case\app\public\wp-content\themes\socialbrothers\partials\relatedPost.php on line 23
[14-Dec-2023 00:58:47 UTC] PHP Fatal error:  Uncaught Error: Call to a member function have_posts() on null in C:\Users\Dave\Local Sites\socialbrothers-case\app\public\wp-content\themes\socialbrothers\partials\relatedPost.php:23
Stack trace:
#0 C:\Users\Dave\Local Sites\socialbrothers-case\app\public\wp-includes\template.php(792): require()
#1 C:\Users\Dave\Local Sites\socialbrothers-case\app\public\wp-includes\template.php(725): load_template('C:\\Users\\Dave\\L...', false, Array)
#2 C:\Users\Dave\Local Sites\socialbrothers-case\app\public\wp-includes\general-template.php(206): locate_template(Array, true, false, Array)
#3 C:\Users\Dave\Local Sites\socialbrothers-case\app\public\wp-content\themes\socialbrothers\single.php(34): get_template_part('partials/relate...', '', Array)
#4 C:\Users\Dave\Local Sites\socialbrothers-case\app\public\wp-includes\template-loader.php(106): include('C:\\Users\\Dave\\L...')
#5 C:\Users\Dave\Local Sites\socialbrothers-case\app\public\wp-blog-header.php(19): require_once('C:\\Users\\Dave\\L...')
#6 C:\Users\Dave\Local Sites\socialbrothers-case\app\public\index.php(17): require('C:\\Users\\Dave\\L...')
#7 {main}
  thrown in C:\Users\Dave\Local Sites\socialbrothers-case\app\public\wp-content\themes\socialbrothers\partials\relatedPost.php on line 23
[14-Dec-2023 00:58:59 UTC] PHP Warning:  Undefined array key "current_category" in C:\Users\Dave\Local Sites\socialbrothers-case\app\public\wp-content\themes\socialbrothers\partials\relatedPost.php on line 21
[14-Dec-2023 00:58:59 UTC] PHP Fatal error:  Uncaught Error: Call to a member function have_posts() on null in C:\Users\Dave\Local Sites\socialbrothers-case\app\public\wp-content\themes\socialbrothers\partials\relatedPost.php:23
Stack trace:
#0 C:\Users\Dave\Local Sites\socialbrothers-case\app\public\wp-includes\template.php(792): require()
#1 C:\Users\Dave\Local Sites\socialbrothers-case\app\public\wp-includes\template.php(725): load_template('C:\\Users\\Dave\\L...', false, Array)
#2 C:\Users\Dave\Local Sites\socialbrothers-case\app\public\wp-includes\general-template.php(206): locate_template(Array, true, false, Array)
#3 C:\Users\Dave\Local Sites\socialbrothers-case\app\public\wp-content\themes\socialbrothers\single.php(34): get_template_part('partials/relate...')
#4 C:\Users\Dave\Local Sites\socialbrothers-case\app\public\wp-includes\template-loader.php(106): include('C:\\Users\\Dave\\L...')
#5 C:\Users\Dave\Local Sites\socialbrothers-case\app\public\wp-blog-header.php(19): require_once('C:\\Users\\Dave\\L...')
#6 C:\Users\Dave\Local Sites\socialbrothers-case\app\public\index.php(17): require('C:\\Users\\Dave\\L...')
#7 {main}
  thrown in C:\Users\Dave\Local Sites\socialbrothers-case\app\public\wp-content\themes\socialbrothers\partials\relatedPost.php on line 23
[14-Dec-2023 00:59:00 UTC] PHP Warning:  Undefined array key "current_category" in C:\Users\Dave\Local Sites\socialbrothers-case\app\public\wp-content\themes\socialbrothers\partials\relatedPost.php on line 21
[14-Dec-2023 00:59:00 UTC] PHP Fatal error:  Uncaught Error: Call to a member function have_posts() on null in C:\Users\Dave\Local Sites\socialbrothers-case\app\public\wp-content\themes\socialbrothers\partials\relatedPost.php:23
Stack trace:
#0 C:\Users\Dave\Local Sites\socialbrothers-case\app\public\wp-includes\template.php(792): require()
#1 C:\Users\Dave\Local Sites\socialbrothers-case\app\public\wp-includes\template.php(725): load_template('C:\\Users\\Dave\\L...', false, Array)
#2 C:\Users\Dave\Local Sites\socialbrothers-case\app\public\wp-includes\general-template.php(206): locate_template(Array, true, false, Array)
#3 C:\Users\Dave\Local Sites\socialbrothers-case\app\public\wp-content\themes\socialbrothers\single.php(34): get_template_part('partials/relate...')
#4 C:\Users\Dave\Local Sites\socialbrothers-case\app\public\wp-includes\template-loader.php(106): include('C:\\Users\\Dave\\L...')
#5 C:\Users\Dave\Local Sites\socialbrothers-case\app\public\wp-blog-header.php(19): require_once('C:\\Users\\Dave\\L...')
#6 C:\Users\Dave\Local Sites\socialbrothers-case\app\public\index.php(17): require('C:\\Users\\Dave\\L...')
#7 {main}
  thrown in C:\Users\Dave\Local Sites\socialbrothers-case\app\public\wp-content\themes\socialbrothers\partials\relatedPost.php on line 23
[14-Dec-2023 00:59:17 UTC] PHP Warning:  Undefined array key "current_category" in C:\Users\Dave\Local Sites\socialbrothers-case\app\public\wp-content\themes\socialbrothers\partials\relatedPost.php on line 21
[14-Dec-2023 00:59:17 UTC] PHP Fatal error:  Uncaught Error: Call to a member function have_posts() on null in C:\Users\Dave\Local Sites\socialbrothers-case\app\public\wp-content\themes\socialbrothers\partials\relatedPost.php:23
Stack trace:
#0 C:\Users\Dave\Local Sites\socialbrothers-case\app\public\wp-includes\template.php(792): require()
#1 C:\Users\Dave\Local Sites\socialbrothers-case\app\public\wp-includes\template.php(725): load_template('C:\\Users\\Dave\\L...', false, Array)
#2 C:\Users\Dave\Local Sites\socialbrothers-case\app\public\wp-includes\general-template.php(206): locate_template(Array, true, false, Array)
#3 C:\Users\Dave\Local Sites\socialbrothers-case\app\public\wp-content\themes\socialbrothers\single.php(34): get_template_part('partials/relate...')
#4 C:\Users\Dave\Local Sites\socialbrothers-case\app\public\wp-includes\template-loader.php(106): include('C:\\Users\\Dave\\L...')
#5 C:\Users\Dave\Local Sites\socialbrothers-case\app\public\wp-blog-header.php(19): require_once('C:\\Users\\Dave\\L...')
#6 C:\Users\Dave\Local Sites\socialbrothers-case\app\public\index.php(17): require('C:\\Users\\Dave\\L...')
#7 {main}
  thrown in C:\Users\Dave\Local Sites\socialbrothers-case\app\public\wp-content\themes\socialbrothers\partials\relatedPost.php on line 23
[14-Dec-2023 00:59:19 UTC] PHP Warning:  Undefined array key "current_category" in C:\Users\Dave\Local Sites\socialbrothers-case\app\public\wp-content\themes\socialbrothers\partials\relatedPost.php on line 21
[14-Dec-2023 00:59:19 UTC] PHP Fatal error:  Uncaught Error: Call to a member function have_posts() on null in C:\Users\Dave\Local Sites\socialbrothers-case\app\public\wp-content\themes\socialbrothers\partials\relatedPost.php:23
Stack trace:
#0 C:\Users\Dave\Local Sites\socialbrothers-case\app\public\wp-includes\template.php(792): require()
#1 C:\Users\Dave\Local Sites\socialbrothers-case\app\public\wp-includes\template.php(725): load_template('C:\\Users\\Dave\\L...', false, Array)
#2 C:\Users\Dave\Local Sites\socialbrothers-case\app\public\wp-includes\general-template.php(206): locate_template(Array, true, false, Array)
#3 C:\Users\Dave\Local Sites\socialbrothers-case\app\public\wp-content\themes\socialbrothers\single.php(34): get_template_part('partials/relate...')
#4 C:\Users\Dave\Local Sites\socialbrothers-case\app\public\wp-includes\template-loader.php(106): include('C:\\Users\\Dave\\L...')
#5 C:\Users\Dave\Local Sites\socialbrothers-case\app\public\wp-blog-header.php(19): require_once('C:\\Users\\Dave\\L...')
#6 C:\Users\Dave\Local Sites\socialbrothers-case\app\public\index.php(17): require('C:\\Users\\Dave\\L...')
#7 {main}
  thrown in C:\Users\Dave\Local Sites\socialbrothers-case\app\public\wp-content\themes\socialbrothers\partials\relatedPost.php on line 23
[14-Dec-2023 01:01:12 UTC] PHP Warning:  Undefined variable $relatedPost in C:\Users\Dave\Local Sites\socialbrothers-case\app\public\wp-content\themes\socialbrothers\partials\relatedPost.php on line 21
[14-Dec-2023 01:01:12 UTC] PHP Fatal error:  Uncaught Error: Call to a member function have_posts() on null in C:\Users\Dave\Local Sites\socialbrothers-case\app\public\wp-content\themes\socialbrothers\partials\relatedPost.php:21
Stack trace:
#0 C:\Users\Dave\Local Sites\socialbrothers-case\app\public\wp-includes\template.php(792): require()
#1 C:\Users\Dave\Local Sites\socialbrothers-case\app\public\wp-includes\template.php(725): load_template('C:\\Users\\Dave\\L...', false, Array)
#2 C:\Users\Dave\Local Sites\socialbrothers-case\app\public\wp-includes\general-template.php(206): locate_template(Array, true, false, Array)
#3 C:\Users\Dave\Local Sites\socialbrothers-case\app\public\wp-content\themes\socialbrothers\single.php(34): get_template_part('partials/relate...')
#4 C:\Users\Dave\Local Sites\socialbrothers-case\app\public\wp-includes\template-loader.php(106): include('C:\\Users\\Dave\\L...')
#5 C:\Users\Dave\Local Sites\socialbrothers-case\app\public\wp-blog-header.php(19): require_once('C:\\Users\\Dave\\L...')
#6 C:\Users\Dave\Local Sites\socialbrothers-case\app\public\index.php(17): require('C:\\Users\\Dave\\L...')
#7 {main}
  thrown in C:\Users\Dave\Local Sites\socialbrothers-case\app\public\wp-content\themes\socialbrothers\partials\relatedPost.php on line 21
[14-Dec-2023 01:03:18 UTC] PHP Warning:  Undefined variable $relatedPost in C:\Users\Dave\Local Sites\socialbrothers-case\app\public\wp-content\themes\socialbrothers\partials\relatedPost.php on line 21
[14-Dec-2023 01:03:18 UTC] PHP Fatal error:  Uncaught Error: Call to a member function have_posts() on null in C:\Users\Dave\Local Sites\socialbrothers-case\app\public\wp-content\themes\socialbrothers\partials\relatedPost.php:21
Stack trace:
#0 C:\Users\Dave\Local Sites\socialbrothers-case\app\public\wp-includes\template.php(792): require()
#1 C:\Users\Dave\Local Sites\socialbrothers-case\app\public\wp-includes\template.php(725): load_template('C:\\Users\\Dave\\L...', false, Array)
#2 C:\Users\Dave\Local Sites\socialbrothers-case\app\public\wp-includes\general-template.php(206): locate_template(Array, true, false, Array)
#3 C:\Users\Dave\Local Sites\socialbrothers-case\app\public\wp-content\themes\socialbrothers\single.php(34): get_template_part('partials/relate...')
#4 C:\Users\Dave\Local Sites\socialbrothers-case\app\public\wp-includes\template-loader.php(106): include('C:\\Users\\Dave\\L...')
#5 C:\Users\Dave\Local Sites\socialbrothers-case\app\public\wp-blog-header.php(19): require_once('C:\\Users\\Dave\\L...')
#6 C:\Users\Dave\Local Sites\socialbrothers-case\app\public\index.php(17): require('C:\\Users\\Dave\\L...')
#7 {main}
  thrown in C:\Users\Dave\Local Sites\socialbrothers-case\app\public\wp-content\themes\socialbrothers\partials\relatedPost.php on line 21
[14-Dec-2023 01:03:22 UTC] PHP Warning:  Undefined variable $relatedPost in C:\Users\Dave\Local Sites\socialbrothers-case\app\public\wp-content\themes\socialbrothers\partials\relatedPost.php on line 21
[14-Dec-2023 01:03:22 UTC] PHP Fatal error:  Uncaught Error: Call to a member function have_posts() on null in C:\Users\Dave\Local Sites\socialbrothers-case\app\public\wp-content\themes\socialbrothers\partials\relatedPost.php:21
Stack trace:
#0 C:\Users\Dave\Local Sites\socialbrothers-case\app\public\wp-includes\template.php(792): require()
#1 C:\Users\Dave\Local Sites\socialbrothers-case\app\public\wp-includes\template.php(725): load_template('C:\\Users\\Dave\\L...', false, Array)
#2 C:\Users\Dave\Local Sites\socialbrothers-case\app\public\wp-includes\general-template.php(206): locate_template(Array, true, false, Array)
#3 C:\Users\Dave\Local Sites\socialbrothers-case\app\public\wp-content\themes\socialbrothers\single.php(34): get_template_part('partials/relate...')
#4 C:\Users\Dave\Local Sites\socialbrothers-case\app\public\wp-includes\template-loader.php(106): include('C:\\Users\\Dave\\L...')
#5 C:\Users\Dave\Local Sites\socialbrothers-case\app\public\wp-blog-header.php(19): require_once('C:\\Users\\Dave\\L...')
#6 C:\Users\Dave\Local Sites\socialbrothers-case\app\public\index.php(17): require('C:\\Users\\Dave\\L...')
#7 {main}
  thrown in C:\Users\Dave\Local Sites\socialbrothers-case\app\public\wp-content\themes\socialbrothers\partials\relatedPost.php on line 21
[14-Dec-2023 01:05:44 UTC] PHP Warning:  Undefined variable $relatedPost in C:\Users\Dave\Local Sites\socialbrothers-case\app\public\wp-content\themes\socialbrothers\partials\relatedPost.php on line 14
[14-Dec-2023 01:05:44 UTC] PHP Fatal error:  Uncaught Error: Call to a member function have_posts() on null in C:\Users\Dave\Local Sites\socialbrothers-case\app\public\wp-content\themes\socialbrothers\partials\relatedPost.php:14
Stack trace:
#0 C:\Users\Dave\Local Sites\socialbrothers-case\app\public\wp-includes\template.php(792): require()
#1 C:\Users\Dave\Local Sites\socialbrothers-case\app\public\wp-includes\template.php(725): load_template('C:\\Users\\Dave\\L...', false, Array)
#2 C:\Users\Dave\Local Sites\socialbrothers-case\app\public\wp-includes\general-template.php(206): locate_template(Array, true, false, Array)
#3 C:\Users\Dave\Local Sites\socialbrothers-case\app\public\wp-content\themes\socialbrothers\single.php(34): get_template_part('partials/relate...')
#4 C:\Users\Dave\Local Sites\socialbrothers-case\app\public\wp-includes\template-loader.php(106): include('C:\\Users\\Dave\\L...')
#5 C:\Users\Dave\Local Sites\socialbrothers-case\app\public\wp-blog-header.php(19): require_once('C:\\Users\\Dave\\L...')
#6 C:\Users\Dave\Local Sites\socialbrothers-case\app\public\index.php(17): require('C:\\Users\\Dave\\L...')
#7 {main}
  thrown in C:\Users\Dave\Local Sites\socialbrothers-case\app\public\wp-content\themes\socialbrothers\partials\relatedPost.php on line 14
[14-Dec-2023 01:06:31 UTC] PHP Warning:  Undefined variable $relatedPosts in C:\Users\Dave\Local Sites\socialbrothers-case\app\public\wp-content\themes\socialbrothers\partials\relatedPost.php on line 14
[14-Dec-2023 01:06:31 UTC] PHP Fatal error:  Uncaught Error: Call to a member function have_posts() on null in C:\Users\Dave\Local Sites\socialbrothers-case\app\public\wp-content\themes\socialbrothers\partials\relatedPost.php:14
Stack trace:
#0 C:\Users\Dave\Local Sites\socialbrothers-case\app\public\wp-includes\template.php(792): require()
#1 C:\Users\Dave\Local Sites\socialbrothers-case\app\public\wp-includes\template.php(725): load_template('C:\\Users\\Dave\\L...', false, Array)
#2 C:\Users\Dave\Local Sites\socialbrothers-case\app\public\wp-includes\general-template.php(206): locate_template(Array, true, false, Array)
#3 C:\Users\Dave\Local Sites\socialbrothers-case\app\public\wp-content\themes\socialbrothers\single.php(34): get_template_part('partials/relate...')
#4 C:\Users\Dave\Local Sites\socialbrothers-case\app\public\wp-includes\template-loader.php(106): include('C:\\Users\\Dave\\L...')
#5 C:\Users\Dave\Local Sites\socialbrothers-case\app\public\wp-blog-header.php(19): require_once('C:\\Users\\Dave\\L...')
#6 C:\Users\Dave\Local Sites\socialbrothers-case\app\public\index.php(17): require('C:\\Users\\Dave\\L...')
#7 {main}
  thrown in C:\Users\Dave\Local Sites\socialbrothers-case\app\public\wp-content\themes\socialbrothers\partials\relatedPost.php on line 14
[14-Dec-2023 01:07:06 UTC] PHP Warning:  Undefined array key "current_category" in C:\Users\Dave\Local Sites\socialbrothers-case\app\public\wp-content\themes\socialbrothers\partials\relatedPost.php on line 3
[14-Dec-2023 01:07:35 UTC] PHP Warning:  Undefined array key "current_category" in C:\Users\Dave\Local Sites\socialbrothers-case\app\public\wp-content\themes\socialbrothers\partials\relatedPost.php on line 3
[14-Dec-2023 01:11:42 UTC] PHP Warning:  Undefined variable $current_category in C:\Users\Dave\Local Sites\socialbrothers-case\app\public\wp-content\themes\socialbrothers\partials\relatedPost.php on line 21
[14-Dec-2023 01:16:38 UTC] PHP Warning:  Array to string conversion in C:\Users\Dave\Local Sites\socialbrothers-case\app\public\wp-content\themes\socialbrothers\partials\relatedPost.php on line 19
[14-Dec-2023 01:23:41 UTC] PHP Warning:  Attempt to read property "title" on null in C:\Users\Dave\Local Sites\socialbrothers-case\app\public\wp-includes\class-wp-customize-widgets.php on line 905
[14-Dec-2023 01:36:34 UTC] PHP Warning:  Attempt to read property "title" on null in C:\Users\Dave\Local Sites\socialbrothers-case\app\public\wp-includes\class-wp-customize-widgets.php on line 905
[14-Dec-2023 01:37:35 UTC] PHP Warning:  Attempt to read property "title" on null in C:\Users\Dave\Local Sites\socialbrothers-case\app\public\wp-includes\class-wp-customize-widgets.php on line 905
